<?xml version="1.0" encoding="utf-8"?><testsuites name="pytest tests"><testsuite name="pytest" errors="0" failures="0" skipped="0" tests="11" time="8.912" timestamp="2026-06-24T01:09:16.606776+00:00" hostname="agent-env-62af5df5-b6ca-468b-8cee-51dc7c74c477"><testcase classname="backend.tests.test_company_crud" name="test_companies_get_shape" time="0.006" /><testcase classname="backend.tests.test_company_crud" name="test_create_company_minimal" time="0.087" /><testcase classname="backend.tests.test_company_crud" name="test_create_company_rejects_blank_name" time="0.042" /><testcase classname="backend.tests.test_company_crud" name="test_update_company_full_fields" time="0.087" /><testcase classname="backend.tests.test_company_crud" name="test_update_company_404" time="0.043" /><testcase classname="backend.tests.test_company_crud" name="test_link_account_set_and_visible" time="0.087" /><testcase classname="backend.tests.test_company_crud" name="test_link_account_clear_with_null" time="0.043" /><testcase classname="backend.tests.test_company_crud" name="test_activate_company" time="0.130" /><testcase classname="backend.tests.test_company_crud" name="test_activate_unknown_404" time="0.043" /><testcase classname="backend.tests.test_company_crud" name="test_delete_company_shifts_active" time="0.087" /><testcase classname="backend.tests.test_company_crud" name="test_company_autofill_returns_fields" time="8.175" /></testsuite></testsuites>