<?xml version="1.0" encoding="utf-8"?><testsuites name="pytest tests"><testsuite name="pytest" errors="0" failures="0" skipped="0" tests="20" time="17.212" timestamp="2026-06-26T00:11:53.740128+00:00" hostname="agent-env-62af5df5-b6ca-468b-8cee-51dc7c74c477"><testcase classname="tests.test_ig_fb_multiphase.TestInstagramMultiPhase" name="test_ig_image_b64_unconnected_returns_clean_200" time="2.952" /><testcase classname="tests.test_ig_fb_multiphase.TestInstagramMultiPhase" name="test_ig_validation_no_image_returns_400" time="0.042" /><testcase classname="tests.test_ig_fb_multiphase.TestInstagramMultiPhase" name="test_ig_validation_no_content_returns_400" time="0.043" /><testcase classname="tests.test_ig_fb_multiphase.TestInstagramMultiPhase" name="test_ig_data_uri_as_image_url_is_tolerated" time="1.585" /><testcase classname="tests.test_ig_fb_multiphase.TestFacebookMultiPhase" name="test_fb_text_only_unconnected_returns_clean_200" time="1.803" /><testcase classname="tests.test_ig_fb_multiphase.TestFacebookMultiPhase" name="test_fb_with_image_attempts_photo_post_slug" time="1.406" /><testcase classname="tests.test_ig_fb_multiphase.TestFacebookMultiPhase" name="test_fb_validation_no_content_returns_400" time="0.043" /><testcase classname="tests.test_ig_fb_multiphase.TestLinkedInRegression" name="test_linkedin_post_unconnected_returns_clean_200" time="0.637" /><testcase classname="tests.test_ig_fb_multiphase.TestEdgeNoHtmlRewrite" name="test_edge_instagram_returns_clean_json" time="1.647" /><testcase classname="tests.test_ig_fb_multiphase.TestEdgeNoHtmlRewrite" name="test_edge_facebook_text_returns_clean_json" time="1.530" /><testcase classname="tests.test_ig_fb_multiphase.TestEdgeNoHtmlRewrite" name="test_edge_facebook_photo_returns_clean_json" time="2.944" /><testcase classname="tests.test_ig_fb_multiphase.TestEdgeNoHtmlRewrite" name="test_edge_linkedin_returns_clean_json" time="0.556" /><testcase classname="tests.test_ig_fb_multiphase.TestPublicImageRoute" name="test_future_iso_doc_returns_200" time="0.004" /><testcase classname="tests.test_ig_fb_multiphase.TestPublicImageRoute" name="test_expired_iso_doc_returns_410" time="0.043" /><testcase classname="tests.test_ig_fb_multiphase.TestPublicImageRoute" name="test_unknown_id_returns_404" time="0.043" /><testcase classname="tests.test_ig_fb_multiphase.TestScheduledPost" name="test_schedule_ig_and_fb_with_image_accepted" time="0.044" /><testcase classname="tests.test_ig_fb_multiphase.TestHumanizeProviderError" name="test_missing_fields_set_repr_does_not_leak" time="1.741" /><testcase classname="tests.test_ig_fb_multiphase.TestHumanizeProviderError" name="test_no_connected_account_phrase" time="0.000" /><testcase classname="tests.test_ig_fb_multiphase.TestHumanizeProviderError" name="test_facebook_page_permission" time="0.000" /><testcase classname="tests.test_ig_fb_multiphase.TestHumanizeProviderError" name="test_html_body_collapses_to_gateway_message" time="0.001" /></testsuite></testsuites>