<?xml version="1.0" encoding="utf-8"?><testsuites name="pytest tests"><testsuite name="pytest" errors="0" failures="0" skipped="0" tests="22" time="9.781" timestamp="2026-06-26T00:12:20.921827+00:00" hostname="agent-env-62af5df5-b6ca-468b-8cee-51dc7c74c477"><testcase classname="tests.test_instagram_image_hosting.TestPublicImageRoute" name="test_unknown_id_returns_404" time="0.172" /><testcase classname="tests.test_instagram_image_hosting.TestPublicImageRoute" name="test_valid_iso_string_expires_returns_png_200" time="0.146" /><testcase classname="tests.test_instagram_image_hosting.TestPublicImageRoute" name="test_expired_iso_string_returns_410" time="0.215" /><testcase classname="tests.test_instagram_image_hosting.TestPublicImageRoute" name="test_legacy_tz_naive_datetime_still_works" time="0.101" /><testcase classname="tests.test_instagram_image_hosting.TestPublicImageRoute" name="test_legacy_tz_naive_expired_datetime_returns_410" time="0.471" /><testcase classname="tests.test_instagram_image_hosting.TestInstagramPostValidation" name="test_no_content_no_image_returns_400" time="0.048" /><testcase classname="tests.test_instagram_image_hosting.TestInstagramPostValidation" name="test_content_but_no_image_returns_400" time="0.047" /><testcase classname="tests.test_instagram_image_hosting.TestInstagramPostValidation" name="test_content_plus_image_b64_no_connected_account_returns_200_success_false" time="1.471" /><testcase classname="tests.test_instagram_image_hosting.TestInstagramPostValidation" name="test_data_uri_passed_as_image_url_is_handled" time="1.591" /><testcase classname="tests.test_instagram_image_hosting.TestLinkedInRegression" name="test_linkedin_post_no_image_returns_200_success_false" time="0.604" /><testcase classname="tests.test_instagram_image_hosting.TestEdgePreservesJsonBody" name="test_linkedin_failure_json_envelope_preserved_through_edge" time="1.237" /><testcase classname="tests.test_instagram_image_hosting.TestEdgePreservesJsonBody" name="test_instagram_failure_json_envelope_preserved_through_edge" time="1.454" /><testcase classname="tests.test_instagram_image_hosting.TestPublicImageThroughEdge" name="test_fresh_image_served_through_public_url" time="0.136" /><testcase classname="tests.test_instagram_image_hosting.TestScheduledPostInstagram" name="test_create_scheduled_instagram_post_succeeds" time="0.175" /><testcase classname="tests.test_instagram_image_hosting.TestScheduledPostInstagram" name="test_create_scheduled_post_bad_datetime_returns_400" time="0.048" /><testcase classname="tests.test_instagram_image_hosting.TestSocialStatusEndpoints" name="test_status_endpoint_returns_200[linkedin]" time="0.348" /><testcase classname="tests.test_instagram_image_hosting.TestSocialStatusEndpoints" name="test_status_endpoint_returns_200[instagram]" time="0.292" /><testcase classname="tests.test_instagram_image_hosting.TestSocialStatusEndpoints" name="test_status_endpoint_returns_200[facebook]" time="0.275" /><testcase classname="tests.test_instagram_image_hosting.TestSocialStatusEndpoints" name="test_accounts_endpoint_returns_200[linkedin]" time="0.260" /><testcase classname="tests.test_instagram_image_hosting.TestSocialStatusEndpoints" name="test_accounts_endpoint_returns_200[instagram]" time="0.281" /><testcase classname="tests.test_instagram_image_hosting.TestSocialStatusEndpoints" name="test_accounts_endpoint_returns_200[facebook]" time="0.277" /><testcase classname="tests.test_instagram_image_hosting" name="test_public_backend_url_env_is_https" time="0.001" /></testsuite></testsuites>