<?xml version="1.0" encoding="utf-8"?><testsuites name="pytest tests"><testsuite name="pytest" errors="0" failures="0" skipped="0" tests="22" time="6.885" timestamp="2026-06-25T23:26:52.501003+00:00" hostname="agent-env-62af5df5-b6ca-468b-8cee-51dc7c74c477"><testcase classname="backend.tests.test_instagram_image_hosting.TestPublicImageRoute" name="test_unknown_id_returns_404" time="0.236" /><testcase classname="backend.tests.test_instagram_image_hosting.TestPublicImageRoute" name="test_valid_iso_string_expires_returns_png_200" time="0.114" /><testcase classname="backend.tests.test_instagram_image_hosting.TestPublicImageRoute" name="test_expired_iso_string_returns_410" time="0.110" /><testcase classname="backend.tests.test_instagram_image_hosting.TestPublicImageRoute" name="test_legacy_tz_naive_datetime_still_works" time="0.110" /><testcase classname="backend.tests.test_instagram_image_hosting.TestPublicImageRoute" name="test_legacy_tz_naive_expired_datetime_returns_410" time="0.103" /><testcase classname="backend.tests.test_instagram_image_hosting.TestInstagramPostValidation" name="test_no_content_no_image_returns_400" time="0.046" /><testcase classname="backend.tests.test_instagram_image_hosting.TestInstagramPostValidation" name="test_content_but_no_image_returns_400" time="0.042" /><testcase classname="backend.tests.test_instagram_image_hosting.TestInstagramPostValidation" name="test_content_plus_image_b64_no_connected_account_returns_200_success_false" time="0.790" /><testcase classname="backend.tests.test_instagram_image_hosting.TestInstagramPostValidation" name="test_data_uri_passed_as_image_url_is_handled" time="0.693" /><testcase classname="backend.tests.test_instagram_image_hosting.TestLinkedInRegression" name="test_linkedin_post_no_image_returns_200_success_false" time="0.562" /><testcase classname="backend.tests.test_instagram_image_hosting.TestEdgePreservesJsonBody" name="test_linkedin_failure_json_envelope_preserved_through_edge" time="1.343" /><testcase classname="backend.tests.test_instagram_image_hosting.TestEdgePreservesJsonBody" name="test_instagram_failure_json_envelope_preserved_through_edge" time="0.547" /><testcase classname="backend.tests.test_instagram_image_hosting.TestPublicImageThroughEdge" name="test_fresh_image_served_through_public_url" time="0.112" /><testcase classname="backend.tests.test_instagram_image_hosting.TestScheduledPostInstagram" name="test_create_scheduled_instagram_post_succeeds" time="0.125" /><testcase classname="backend.tests.test_instagram_image_hosting.TestScheduledPostInstagram" name="test_create_scheduled_post_bad_datetime_returns_400" time="0.040" /><testcase classname="backend.tests.test_instagram_image_hosting.TestSocialStatusEndpoints" name="test_status_endpoint_returns_200[linkedin]" time="0.327" /><testcase classname="backend.tests.test_instagram_image_hosting.TestSocialStatusEndpoints" name="test_status_endpoint_returns_200[instagram]" time="0.264" /><testcase classname="backend.tests.test_instagram_image_hosting.TestSocialStatusEndpoints" name="test_status_endpoint_returns_200[facebook]" time="0.311" /><testcase classname="backend.tests.test_instagram_image_hosting.TestSocialStatusEndpoints" name="test_accounts_endpoint_returns_200[linkedin]" time="0.290" /><testcase classname="backend.tests.test_instagram_image_hosting.TestSocialStatusEndpoints" name="test_accounts_endpoint_returns_200[instagram]" time="0.281" /><testcase classname="backend.tests.test_instagram_image_hosting.TestSocialStatusEndpoints" name="test_accounts_endpoint_returns_200[facebook]" time="0.286" /><testcase classname="backend.tests.test_instagram_image_hosting" name="test_public_backend_url_env_is_https" time="0.001" /></testsuite></testsuites>