<?xml version="1.0" encoding="utf-8"?><testsuites name="pytest tests"><testsuite name="pytest" errors="0" failures="0" skipped="0" tests="15" time="6.100" timestamp="2026-08-01T01:45:14.047381+00:00" hostname="agent-env-62af5df5-b6ca-468b-8cee-51dc7c74c477"><testcase classname="backend.tests.test_iteration_11.TestConnectRedirect" name="test_connect_linkedin_first_call" time="1.014" /><testcase classname="backend.tests.test_iteration_11.TestConnectRedirect" name="test_connect_linkedin_second_call_still_fresh" time="1.219" /><testcase classname="backend.tests.test_iteration_11.TestConnectRedirect" name="test_connect_unknown_platform" time="0.003" /><testcase classname="backend.tests.test_iteration_11.TestPostRequiresLinkedAccount" name="test_linkedin_post_no_account_returns_409" time="0.004" /><testcase classname="backend.tests.test_iteration_11.TestPostRequiresLinkedAccount" name="test_facebook_post_no_account_returns_409" time="0.003" /><testcase classname="backend.tests.test_iteration_11.TestPostRequiresLinkedAccount" name="test_instagram_post_no_account_returns_409" time="0.003" /><testcase classname="backend.tests.test_iteration_11.TestOverrideBypasses409" name="test_linkedin_with_fake_connection_id_bypasses" time="0.648" /><testcase classname="backend.tests.test_iteration_11.TestOverrideBypasses409" name="test_facebook_with_fake_page_id_bypasses" time="0.606" /><testcase classname="backend.tests.test_iteration_11.TestLinkedInUrnCachePerConnection" name="test_cache_hits_by_connection" time="1.498" /><testcase classname="backend.tests.test_iteration_11.TestLinkedInUrnCachePerConnection" name="test_default_bucket_falls_through_to_composio" time="0.001" /><testcase classname="backend.tests.test_iteration_11.TestDisconnectClearsBothCaches" name="test_disconnect_linkedin_unsets_both_fields" time="0.245" /><testcase classname="backend.tests.test_iteration_11.TestRegressions" name="test_all_accounts_still_200" time="0.684" /><testcase classname="backend.tests.test_iteration_11.TestRegressions" name="test_privacy_still_200_html" time="0.024" /><testcase classname="backend.tests.test_iteration_11.TestRegressions" name="test_patch_history_whitelisted_field" time="0.004" /><testcase classname="backend.tests.test_iteration_11.TestVersionBumps" name="test_app_json_version" time="0.001" /></testsuite></testsuites>