<?xml version="1.0" encoding="utf-8"?><testsuites name="pytest tests"><testsuite name="pytest" errors="0" failures="0" skipped="0" tests="13" time="3.607" timestamp="2026-07-02T20:21:26.446600+00:00" hostname="agent-env-62af5df5-b6ca-468b-8cee-51dc7c74c477"><testcase classname="backend.tests.test_iteration_8_readiness.TestDeleteMe" name="test_delete_without_auth_returns_401" time="0.253" /><testcase classname="backend.tests.test_iteration_8_readiness.TestDeleteMe" name="test_delete_fresh_user_returns_zero_counts" time="0.216" /><testcase classname="backend.tests.test_iteration_8_readiness.TestDeleteMe" name="test_delete_seeded_user_wipes_data" time="0.391" /><testcase classname="backend.tests.test_iteration_8_readiness.TestLegalPrivacy" name="test_public_no_auth_ok" time="0.128" /><testcase classname="backend.tests.test_iteration_8_readiness.TestLegalPrivacy" name="test_no_bracketed_placeholders" time="0.116" /><testcase classname="backend.tests.test_iteration_8_readiness.TestLegalPrivacy" name="test_headings_rendered" time="0.138" /><testcase classname="backend.tests.test_iteration_8_readiness.TestLegalTerms" name="test_public_terms_ok" time="0.115" /><testcase classname="backend.tests.test_iteration_8_readiness.TestLegalTerms" name="test_terms_no_bracketed_placeholders" time="0.123" /><testcase classname="backend.tests.test_iteration_8_readiness.TestLegalTerms" name="test_terms_headings_rendered" time="0.107" /><testcase classname="backend.tests.test_iteration_8_readiness.TestRegression" name="test_users_profile_still_works" time="0.242" /><testcase classname="backend.tests.test_iteration_8_readiness.TestRegression" name="test_instagram_post_clean_error" time="1.680" /><testcase classname="backend.tests.test_iteration_8_readiness.TestConfigSanity" name="test_app_json_valid" time="0.000" /><testcase classname="backend.tests.test_iteration_8_readiness.TestConfigSanity" name="test_terms_file_present" time="0.001" /></testsuite></testsuites>