<?xml version="1.0" encoding="utf-8"?><testsuites name="pytest tests"><testsuite name="pytest" errors="0" failures="0" skipped="0" tests="18" time="4.423" timestamp="2026-08-01T02:56:43.561106+00:00" hostname="agent-env-62af5df5-b6ca-468b-8cee-51dc7c74c477"><testcase classname="tests.test_multi_account_social" name="test_list_social_accounts_shape[linkedin]" time="0.482" /><testcase classname="tests.test_multi_account_social" name="test_list_social_accounts_shape[facebook]" time="0.250" /><testcase classname="tests.test_multi_account_social" name="test_list_social_accounts_shape[instagram]" time="0.259" /><testcase classname="tests.test_multi_account_social" name="test_list_social_accounts_unknown_platform" time="0.045" /><testcase classname="tests.test_multi_account_social" name="test_list_social_accounts_requires_user" time="0.106" /><testcase classname="tests.test_multi_account_social" name="test_delete_social_account_bogus_id_returns_502_not_crash" time="0.511" /><testcase classname="tests.test_multi_account_social" name="test_companies_list_initial" time="0.046" /><testcase classname="tests.test_multi_account_social" name="test_create_company" time="0.054" /><testcase classname="tests.test_multi_account_social" name="test_link_account_set" time="0.046" /><testcase classname="tests.test_multi_account_social" name="test_link_account_visible_in_companies_list" time="0.045" /><testcase classname="tests.test_multi_account_social" name="test_link_account_clear_with_null" time="0.041" /><testcase classname="tests.test_multi_account_social" name="test_link_account_invalid_company" time="0.044" /><testcase classname="tests.test_multi_account_social" name="test_link_account_unknown_platform" time="0.040" /><testcase classname="tests.test_multi_account_social" name="test_link_account_empty_string_clears" time="0.087" /><testcase classname="tests.test_multi_account_social" name="test_connect_linkedin_returns_redirect_or_already" time="0.664" /><testcase classname="tests.test_multi_account_social" name="test_connect_html_error_is_sanitized" time="1.591" /><testcase classname="tests.test_multi_account_social" name="test_connect_success_returns_redirect_url_shape" time="0.002" /><testcase classname="tests.test_multi_account_social" name="test_zz_cleanup" time="0.046" /></testsuite></testsuites>