<?xml version="1.0" encoding="utf-8"?><testsuites name="pytest tests"><testsuite name="pytest" errors="0" failures="3" skipped="0" tests="13" time="7.044" timestamp="2026-08-01T02:56:01.629086+00:00" hostname="agent-env-62af5df5-b6ca-468b-8cee-51dc7c74c477"><testcase classname="tests.test_connect_html_sanitize_e2e" name="test_connect_returns_200_and_no_html[linkedin]" time="1.178" /><testcase classname="tests.test_connect_html_sanitize_e2e" name="test_connect_returns_200_and_no_html[facebook]" time="0.780" /><testcase classname="tests.test_connect_html_sanitize_e2e" name="test_connect_returns_200_and_no_html[instagram]" time="0.745" /><testcase classname="tests.test_connect_html_sanitize_e2e" name="test_connect_success_redirect_url_shape_live[linkedin]" time="0.715" /><testcase classname="tests.test_connect_html_sanitize_e2e" name="test_connect_success_redirect_url_shape_live[facebook]" time="0.767" /><testcase classname="tests.test_connect_html_sanitize_e2e" name="test_connect_success_redirect_url_shape_live[instagram]" time="0.820" /><testcase classname="tests.test_connect_html_sanitize_e2e" name="test_status_endpoint_still_works[linkedin]" time="0.330" /><testcase classname="tests.test_connect_html_sanitize_e2e" name="test_status_endpoint_still_works[facebook]" time="0.306" /><testcase classname="tests.test_connect_html_sanitize_e2e" name="test_status_endpoint_still_works[instagram]" time="0.346" /><testcase classname="tests.test_connect_html_sanitize_e2e" name="test_delete_bogus_account_no_html_and_not_500[linkedin]" time="0.282"><failure message="AssertionError: [DELETE /social/linkedin/accounts/&lt;bogus&gt;] HTML marker '&lt;!doctype' leaked into body: '&lt;!DOCTYPE html&gt;\n&lt;!--[if lt IE 7]&gt; &lt;html class=&quot;no-js ie6 oldie&quot; lang=&quot;en-US&quot;&gt; &lt;![endif]--&gt;\n&lt;!--[if IE 7]&gt;    &lt;html class=&quot;no-js ie7 oldie&quot; lang=&quot;en-US&quot;&gt; &lt;![endif]--&gt;\n&lt;!--[if IE 8]&gt;    &lt;html class=&quot;no-js ie8 oldie&quot; lang=&quot;en-US&quot;&gt; &lt;![endif]--&gt;\n&lt;!--[if gt IE 8]&gt;&lt;!--&gt; &lt;html class=&quot;no-js&quot; lang=&quot;en-US&quot;&gt; &lt;!--&lt;![endif]--&gt;\n&lt;head&gt;\n\n&lt;title&gt;preview.emergentagent.com | 502: Bad gateway&lt;/title&gt;\n&lt;meta charset=&quot;UT'&#10;assert '&lt;!doctype' not in '&lt;!doctype h...dy&gt;\n&lt;/html&gt;'&#10;  &#10;  '&lt;!doctype' is contained here:&#10;    &lt;!doctype html&gt;&#10;    &lt;!--[if lt ie 7]&gt; &lt;html class=&quot;no-js ie6 oldie&quot; lang=&quot;en-us&quot;&gt; &lt;![endif]--&gt;&#10;    &lt;!--[if ie 7]&gt;    &lt;html class=&quot;no-js ie7 oldie&quot; lang=&quot;en-us&quot;&gt; &lt;![endif]--&gt;&#10;    &lt;!--[if ie 8]&gt;    &lt;html class=&quot;no-js ie8 oldie&quot; lang=&quot;en-us&quot;&gt; &lt;![endif]--&gt;&#10;    &lt;!--[if gt ie 8]&gt;&lt;!--&gt; &lt;html class=&quot;no-js&quot; lang=&quot;en-us&quot;&gt; &lt;!--&lt;![endif]--&gt;...&#10;  &#10;  ...Full output truncated (114 lines hidden), use '-vv' to show">tests/test_connect_html_sanitize_e2e.py:101: in test_delete_bogus_account_no_html_and_not_500
    _assert_no_html(r.text, f"DELETE /social/{platform}/accounts/&lt;bogus&gt;")
tests/test_connect_html_sanitize_e2e.py:34: in _assert_no_html
    assert m not in low, f"[{ctx}] HTML marker {m!r} leaked into body: {text[:400]!r}"
E   AssertionError: [DELETE /social/linkedin/accounts/&lt;bogus&gt;] HTML marker '&lt;!doctype' leaked into body: '&lt;!DOCTYPE html&gt;\n&lt;!--[if lt IE 7]&gt; &lt;html class="no-js ie6 oldie" lang="en-US"&gt; &lt;![endif]--&gt;\n&lt;!--[if IE 7]&gt;    &lt;html class="no-js ie7 oldie" lang="en-US"&gt; &lt;![endif]--&gt;\n&lt;!--[if IE 8]&gt;    &lt;html class="no-js ie8 oldie" lang="en-US"&gt; &lt;![endif]--&gt;\n&lt;!--[if gt IE 8]&gt;&lt;!--&gt; &lt;html class="no-js" lang="en-US"&gt; &lt;!--&lt;![endif]--&gt;\n&lt;head&gt;\n\n&lt;title&gt;preview.emergentagent.com | 502: Bad gateway&lt;/title&gt;\n&lt;meta charset="UT'
E   assert '&lt;!doctype' not in '&lt;!doctype h...dy&gt;\n&lt;/html&gt;'
E     
E     '&lt;!doctype' is contained here:
E       &lt;!doctype html&gt;
E       &lt;!--[if lt ie 7]&gt; &lt;html class="no-js ie6 oldie" lang="en-us"&gt; &lt;![endif]--&gt;
E       &lt;!--[if ie 7]&gt;    &lt;html class="no-js ie7 oldie" lang="en-us"&gt; &lt;![endif]--&gt;
E       &lt;!--[if ie 8]&gt;    &lt;html class="no-js ie8 oldie" lang="en-us"&gt; &lt;![endif]--&gt;
E       &lt;!--[if gt ie 8]&gt;&lt;!--&gt; &lt;html class="no-js" lang="en-us"&gt; &lt;!--&lt;![endif]--&gt;...
E     
E     ...Full output truncated (114 lines hidden), use '-vv' to show</failure></testcase><testcase classname="tests.test_connect_html_sanitize_e2e" name="test_delete_bogus_account_no_html_and_not_500[facebook]" time="0.292"><failure message="AssertionError: [DELETE /social/facebook/accounts/&lt;bogus&gt;] HTML marker '&lt;!doctype' leaked into body: '&lt;!DOCTYPE html&gt;\n&lt;!--[if lt IE 7]&gt; &lt;html class=&quot;no-js ie6 oldie&quot; lang=&quot;en-US&quot;&gt; &lt;![endif]--&gt;\n&lt;!--[if IE 7]&gt;    &lt;html class=&quot;no-js ie7 oldie&quot; lang=&quot;en-US&quot;&gt; &lt;![endif]--&gt;\n&lt;!--[if IE 8]&gt;    &lt;html class=&quot;no-js ie8 oldie&quot; lang=&quot;en-US&quot;&gt; &lt;![endif]--&gt;\n&lt;!--[if gt IE 8]&gt;&lt;!--&gt; &lt;html class=&quot;no-js&quot; lang=&quot;en-US&quot;&gt; &lt;!--&lt;![endif]--&gt;\n&lt;head&gt;\n\n&lt;title&gt;preview.emergentagent.com | 502: Bad gateway&lt;/title&gt;\n&lt;meta charset=&quot;UT'&#10;assert '&lt;!doctype' not in '&lt;!doctype h...dy&gt;\n&lt;/html&gt;'&#10;  &#10;  '&lt;!doctype' is contained here:&#10;    &lt;!doctype html&gt;&#10;    &lt;!--[if lt ie 7]&gt; &lt;html class=&quot;no-js ie6 oldie&quot; lang=&quot;en-us&quot;&gt; &lt;![endif]--&gt;&#10;    &lt;!--[if ie 7]&gt;    &lt;html class=&quot;no-js ie7 oldie&quot; lang=&quot;en-us&quot;&gt; &lt;![endif]--&gt;&#10;    &lt;!--[if ie 8]&gt;    &lt;html class=&quot;no-js ie8 oldie&quot; lang=&quot;en-us&quot;&gt; &lt;![endif]--&gt;&#10;    &lt;!--[if gt ie 8]&gt;&lt;!--&gt; &lt;html class=&quot;no-js&quot; lang=&quot;en-us&quot;&gt; &lt;!--&lt;![endif]--&gt;...&#10;  &#10;  ...Full output truncated (114 lines hidden), use '-vv' to show">tests/test_connect_html_sanitize_e2e.py:101: in test_delete_bogus_account_no_html_and_not_500
    _assert_no_html(r.text, f"DELETE /social/{platform}/accounts/&lt;bogus&gt;")
tests/test_connect_html_sanitize_e2e.py:34: in _assert_no_html
    assert m not in low, f"[{ctx}] HTML marker {m!r} leaked into body: {text[:400]!r}"
E   AssertionError: [DELETE /social/facebook/accounts/&lt;bogus&gt;] HTML marker '&lt;!doctype' leaked into body: '&lt;!DOCTYPE html&gt;\n&lt;!--[if lt IE 7]&gt; &lt;html class="no-js ie6 oldie" lang="en-US"&gt; &lt;![endif]--&gt;\n&lt;!--[if IE 7]&gt;    &lt;html class="no-js ie7 oldie" lang="en-US"&gt; &lt;![endif]--&gt;\n&lt;!--[if IE 8]&gt;    &lt;html class="no-js ie8 oldie" lang="en-US"&gt; &lt;![endif]--&gt;\n&lt;!--[if gt IE 8]&gt;&lt;!--&gt; &lt;html class="no-js" lang="en-US"&gt; &lt;!--&lt;![endif]--&gt;\n&lt;head&gt;\n\n&lt;title&gt;preview.emergentagent.com | 502: Bad gateway&lt;/title&gt;\n&lt;meta charset="UT'
E   assert '&lt;!doctype' not in '&lt;!doctype h...dy&gt;\n&lt;/html&gt;'
E     
E     '&lt;!doctype' is contained here:
E       &lt;!doctype html&gt;
E       &lt;!--[if lt ie 7]&gt; &lt;html class="no-js ie6 oldie" lang="en-us"&gt; &lt;![endif]--&gt;
E       &lt;!--[if ie 7]&gt;    &lt;html class="no-js ie7 oldie" lang="en-us"&gt; &lt;![endif]--&gt;
E       &lt;!--[if ie 8]&gt;    &lt;html class="no-js ie8 oldie" lang="en-us"&gt; &lt;![endif]--&gt;
E       &lt;!--[if gt ie 8]&gt;&lt;!--&gt; &lt;html class="no-js" lang="en-us"&gt; &lt;!--&lt;![endif]--&gt;...
E     
E     ...Full output truncated (114 lines hidden), use '-vv' to show</failure></testcase><testcase classname="tests.test_connect_html_sanitize_e2e" name="test_delete_bogus_account_no_html_and_not_500[instagram]" time="0.283"><failure message="AssertionError: [DELETE /social/instagram/accounts/&lt;bogus&gt;] HTML marker '&lt;!doctype' leaked into body: '&lt;!DOCTYPE html&gt;\n&lt;!--[if lt IE 7]&gt; &lt;html class=&quot;no-js ie6 oldie&quot; lang=&quot;en-US&quot;&gt; &lt;![endif]--&gt;\n&lt;!--[if IE 7]&gt;    &lt;html class=&quot;no-js ie7 oldie&quot; lang=&quot;en-US&quot;&gt; &lt;![endif]--&gt;\n&lt;!--[if IE 8]&gt;    &lt;html class=&quot;no-js ie8 oldie&quot; lang=&quot;en-US&quot;&gt; &lt;![endif]--&gt;\n&lt;!--[if gt IE 8]&gt;&lt;!--&gt; &lt;html class=&quot;no-js&quot; lang=&quot;en-US&quot;&gt; &lt;!--&lt;![endif]--&gt;\n&lt;head&gt;\n\n&lt;title&gt;preview.emergentagent.com | 502: Bad gateway&lt;/title&gt;\n&lt;meta charset=&quot;UT'&#10;assert '&lt;!doctype' not in '&lt;!doctype h...dy&gt;\n&lt;/html&gt;'&#10;  &#10;  '&lt;!doctype' is contained here:&#10;    &lt;!doctype html&gt;&#10;    &lt;!--[if lt ie 7]&gt; &lt;html class=&quot;no-js ie6 oldie&quot; lang=&quot;en-us&quot;&gt; &lt;![endif]--&gt;&#10;    &lt;!--[if ie 7]&gt;    &lt;html class=&quot;no-js ie7 oldie&quot; lang=&quot;en-us&quot;&gt; &lt;![endif]--&gt;&#10;    &lt;!--[if ie 8]&gt;    &lt;html class=&quot;no-js ie8 oldie&quot; lang=&quot;en-us&quot;&gt; &lt;![endif]--&gt;&#10;    &lt;!--[if gt ie 8]&gt;&lt;!--&gt; &lt;html class=&quot;no-js&quot; lang=&quot;en-us&quot;&gt; &lt;!--&lt;![endif]--&gt;...&#10;  &#10;  ...Full output truncated (114 lines hidden), use '-vv' to show">tests/test_connect_html_sanitize_e2e.py:101: in test_delete_bogus_account_no_html_and_not_500
    _assert_no_html(r.text, f"DELETE /social/{platform}/accounts/&lt;bogus&gt;")
tests/test_connect_html_sanitize_e2e.py:34: in _assert_no_html
    assert m not in low, f"[{ctx}] HTML marker {m!r} leaked into body: {text[:400]!r}"
E   AssertionError: [DELETE /social/instagram/accounts/&lt;bogus&gt;] HTML marker '&lt;!doctype' leaked into body: '&lt;!DOCTYPE html&gt;\n&lt;!--[if lt IE 7]&gt; &lt;html class="no-js ie6 oldie" lang="en-US"&gt; &lt;![endif]--&gt;\n&lt;!--[if IE 7]&gt;    &lt;html class="no-js ie7 oldie" lang="en-US"&gt; &lt;![endif]--&gt;\n&lt;!--[if IE 8]&gt;    &lt;html class="no-js ie8 oldie" lang="en-US"&gt; &lt;![endif]--&gt;\n&lt;!--[if gt IE 8]&gt;&lt;!--&gt; &lt;html class="no-js" lang="en-US"&gt; &lt;!--&lt;![endif]--&gt;\n&lt;head&gt;\n\n&lt;title&gt;preview.emergentagent.com | 502: Bad gateway&lt;/title&gt;\n&lt;meta charset="UT'
E   assert '&lt;!doctype' not in '&lt;!doctype h...dy&gt;\n&lt;/html&gt;'
E     
E     '&lt;!doctype' is contained here:
E       &lt;!doctype html&gt;
E       &lt;!--[if lt ie 7]&gt; &lt;html class="no-js ie6 oldie" lang="en-us"&gt; &lt;![endif]--&gt;
E       &lt;!--[if ie 7]&gt;    &lt;html class="no-js ie7 oldie" lang="en-us"&gt; &lt;![endif]--&gt;
E       &lt;!--[if ie 8]&gt;    &lt;html class="no-js ie8 oldie" lang="en-us"&gt; &lt;![endif]--&gt;
E       &lt;!--[if gt ie 8]&gt;&lt;!--&gt; &lt;html class="no-js" lang="en-us"&gt; &lt;!--&lt;![endif]--&gt;...
E     
E     ...Full output truncated (114 lines hidden), use '-vv' to show</failure></testcase><testcase classname="tests.test_connect_html_sanitize_e2e" name="test_connect_requires_user_id_header" time="0.100" /></testsuite></testsuites>