<?xml version="1.0" encoding="utf-8"?><testsuites name="pytest tests"><testsuite name="pytest" errors="0" failures="0" skipped="0" tests="18" time="17.311" timestamp="2026-07-03T16:15:05.455268+00:00" hostname="agent-env-62af5df5-b6ca-468b-8cee-51dc7c74c477"><testcase classname="backend.tests.test_iteration_10.TestLinkedInDisplayName" name="test_openid_flat_name" time="0.000" /><testcase classname="backend.tests.test_iteration_10.TestLinkedInDisplayName" name="test_openid_given_family" time="0.000" /><testcase classname="backend.tests.test_iteration_10.TestLinkedInDisplayName" name="test_legacy_localized_nested" time="0.000" /><testcase classname="backend.tests.test_iteration_10.TestLinkedInDisplayName" name="test_nested_data_wrapper" time="0.000" /><testcase classname="backend.tests.test_iteration_10.TestLinkedInDisplayName" name="test_empty_returns_none" time="0.000" /><testcase classname="backend.tests.test_iteration_10.TestLinkedInDisplayName" name="test_non_dict_returns_none" time="0.000" /><testcase classname="backend.tests.test_iteration_10.TestInstagramDisplayNameAndId" name="test_flat_username_id" time="0.000" /><testcase classname="backend.tests.test_iteration_10.TestInstagramDisplayNameAndId" name="test_nested_data_wrapper" time="0.000" /><testcase classname="backend.tests.test_iteration_10.TestInstagramDisplayNameAndId" name="test_empty_returns_none_tuple" time="0.000" /><testcase classname="backend.tests.test_iteration_10.TestInstagramDisplayNameAndId" name="test_non_dict_returns_none_tuple" time="0.000" /><testcase classname="backend.tests.test_iteration_10.TestInstagramFriendlyErrors" name="test_ig_post_unconnected_user_returns_clean_200" time="1.436" /><testcase classname="backend.tests.test_iteration_10.TestInstagramFriendlyErrors" name="test_ig_post_with_stale_cache_triggers_refresh_and_returns_clean" time="0.566" /><testcase classname="backend.tests.test_iteration_10.TestInstagramFriendlyErrors" name="test_humanize_provider_error_invalid_parameter" time="0.000" /><testcase classname="backend.tests.test_iteration_10.TestOtherPlatformsClean" name="test_linkedin_unconnected_clean_200" time="0.632" /><testcase classname="backend.tests.test_iteration_10.TestOtherPlatformsClean" name="test_facebook_unconnected_clean_200" time="0.727" /><testcase classname="backend.tests.test_iteration_10.TestAllAccountsEndpoint" name="test_all_accounts_shape_for_fresh_user" time="0.996" /><testcase classname="backend.tests.test_iteration_10.TestAllAccountsEndpoint" name="test_all_accounts_debug_non_admin_403" time="0.003" /><testcase classname="backend.tests.test_iteration_10.TestAllAccountsEndpoint" name="test_all_accounts_debug_admin_200" time="11.076" /></testsuite></testsuites>