<?xml version="1.0" encoding="utf-8"?><testsuites name="pytest tests"><testsuite name="pytest" errors="0" failures="0" skipped="0" tests="15" time="24.505" timestamp="2026-07-02T22:17:24.745600+00:00" hostname="agent-env-62af5df5-b6ca-468b-8cee-51dc7c74c477"><testcase classname="backend.tests.test_iteration_9.TestHistoryAuth" name="test_get_history_item_requires_auth" time="0.004" /><testcase classname="backend.tests.test_iteration_9.TestHistoryAuth" name="test_patch_history_item_requires_auth" time="0.042" /><testcase classname="backend.tests.test_iteration_9.TestHistoryDetail" name="test_detail_returns_entry_no_images_initially" time="11.674" /><testcase classname="backend.tests.test_iteration_9.TestHistoryDetail" name="test_list_excludes_images_field" time="0.043" /><testcase classname="backend.tests.test_iteration_9.TestPostImagePersistence" name="test_post_image_saves_to_history" time="7.061" /><testcase classname="backend.tests.test_iteration_9.TestHistoryPatch" name="test_patch_selected_accounts" time="0.027" /><testcase classname="backend.tests.test_iteration_9.TestHistoryPatch" name="test_patch_rejects_unknown_field" time="0.043" /><testcase classname="backend.tests.test_iteration_9.TestHistoryPatch" name="test_patch_unknown_id_returns_404" time="0.044" /><testcase classname="backend.tests.test_iteration_9.TestSocialAllAccounts" name="test_returns_empty_shape_for_fresh_user" time="1.024" /><testcase classname="backend.tests.test_iteration_9.TestSocialPostOverrides" name="test_linkedin_post_with_nonexistent_connection" time="1.948" /><testcase classname="backend.tests.test_iteration_9.TestSocialPostOverrides" name="test_facebook_post_with_page_override" time="0.826" /><testcase classname="backend.tests.test_iteration_9.TestScheduledSelectedAccounts" name="test_schedule_persists_selected_accounts" time="0.046" /><testcase classname="backend.tests.test_iteration_9.TestRegression" name="test_instagram_post_unconnected_clean_error" time="0.663" /><testcase classname="backend.tests.test_iteration_9.TestRegression" name="test_linkedin_post_unconnected_clean_error" time="0.672" /><testcase classname="backend.tests.test_iteration_9.TestRegression" name="test_per_platform_accounts_endpoint" time="0.319" /></testsuite></testsuites>