<?xml version="1.0" encoding="utf-8"?><testsuites name="pytest tests"><testsuite name="pytest" errors="0" failures="1" skipped="0" tests="15" time="67.368" timestamp="2026-06-22T18:57:48.063557+00:00" hostname="agent-env-62af5df5-b6ca-468b-8cee-51dc7c74c477"><testcase classname="backend.tests.test_repready_api" name="test_root" time="0.168" /><testcase classname="backend.tests.test_repready_api" name="test_missing_user_id_401" time="0.139" /><testcase classname="backend.tests.test_repready_api" name="test_update_profile" time="0.059" /><testcase classname="backend.tests.test_repready_api" name="test_get_profile" time="0.051" /><testcase classname="backend.tests.test_repready_api" name="test_daily_prompt" time="4.454"><failure message="assert 'focus' in {'date': 'Monday, Jun 22', 'focus_theme': &quot;Own Monday: Set the week's momentum with proactive outreach&quot;, 'action_steps': ['Prioritize three high-value accounts for personalized outreach today', 'Book at least two discovery calls before noon', &quot;Review week's pipeline and identify potential deal acceleration opportunities&quot;], 'quote': 'The way you start your week determines how you finish it.'}">backend/tests/test_repready_api.py:71: in test_daily_prompt
    assert "focus" in j
E   assert 'focus' in {'date': 'Monday, Jun 22', 'focus_theme': "Own Monday: Set the week's momentum with proactive outreach", 'action_steps': ['Prioritize three high-value accounts for personalized outreach today', 'Book at least two discovery calls before noon', "Review week's pipeline and identify potential deal acceleration opportunities"], 'quote': 'The way you start your week determines how you finish it.'}</failure></testcase><testcase classname="backend.tests.test_repready_api" name="test_generate_cold_email" time="10.460" /><testcase classname="backend.tests.test_repready_api" name="test_generate_objection" time="8.323" /><testcase classname="backend.tests.test_repready_api" name="test_generate_call_script" time="8.269" /><testcase classname="backend.tests.test_repready_api" name="test_generate_company_intel" time="15.092" /><testcase classname="backend.tests.test_repready_api" name="test_generate_reengagement" time="11.089" /><testcase classname="backend.tests.test_repready_api" name="test_generate_linkedin_post" time="8.862" /><testcase classname="backend.tests.test_repready_api" name="test_history_populated" time="0.055" /><testcase classname="backend.tests.test_repready_api" name="test_history_toggle_save" time="0.093" /><testcase classname="backend.tests.test_repready_api" name="test_history_delete" time="0.094" /><testcase classname="backend.tests.test_repready_api" name="test_linkedin_status" time="0.045" /></testsuite></testsuites>